[debug] [2018-03-20T05:09:27.376Z] ----------------------------------------------------------------------
[debug] [2018-03-20T05:09:27.379Z] Command:       /Users/ramyya/.nvm/versions/node/v6.12.3/bin/node /Users/ramyya/.nvm/versions/node/v6.12.3/bin/firebase deploy
[debug] [2018-03-20T05:09:27.380Z] CLI Version:   3.17.6
[debug] [2018-03-20T05:09:27.380Z] Platform:      darwin
[debug] [2018-03-20T05:09:27.380Z] Node Version:  v6.12.3
[debug] [2018-03-20T05:09:27.380Z] Time:          Mon Mar 19 2018 22:09:27 GMT-0700 (PDT)
[debug] [2018-03-20T05:09:27.380Z] ----------------------------------------------------------------------
[debug] 
[debug] [2018-03-20T05:09:27.392Z] > command requires scopes: ["email","openid","https://www.googleapis.com/auth/cloudplatformprojects.readonly","https://www.googleapis.com/auth/firebase","https://www.googleapis.com/auth/cloud-platform"]
[debug] [2018-03-20T05:09:27.392Z] > authorizing via signed-in user
[debug] [2018-03-20T05:09:27.394Z] >>> HTTP REQUEST GET https://admin.firebase.com/v1/projects/mm-users  
  
 Mon Mar 19 2018 22:09:27 GMT-0700 (PDT)
[debug] [2018-03-20T05:09:27.848Z] <<< HTTP RESPONSE 200
[debug] [2018-03-20T05:09:27.849Z] >>> HTTP REQUEST GET https://admin.firebase.com/v1/database/mm-users/tokens  
  
 Mon Mar 19 2018 22:09:27 GMT-0700 (PDT)
[debug] [2018-03-20T05:09:28.559Z] <<< HTTP RESPONSE 200
[info] 
[info] === Deploying to 'mm-users'...
[info] 
[info] i  deploying functions
[debug] [2018-03-20T05:09:28.846Z] > [functions] package.json contents: {
  "name": "functions",
  "description": "Cloud Functions for Firebase",
  "scripts": {
    "serve": "firebase serve --only functions",
    "shell": "firebase experimental:functions:shell",
    "start": "npm run shell",
    "deploy": "firebase deploy --only functions",
    "logs": "firebase functions:log"
  },
  "dependencies": {
    "axios": "^0.18.0",
    "firebase": "^3.0.0",
    "firebase-admin": "^5.11.0",
    "firebase-functions": "^0.8.2"
  },
  "private": true
}
[info] i  functions: ensuring necessary APIs are enabled...
[debug] [2018-03-20T05:09:28.848Z] >>> HTTP REQUEST GET https://servicemanagement.googleapis.com/v1/services/cloudfunctions.googleapis.com/projectSettings/mm-users?view=CONSUMER_VIEW  
  
 Mon Mar 19 2018 22:09:28 GMT-0700 (PDT)
[debug] [2018-03-20T05:09:28.848Z] >>> HTTP REQUEST GET https://servicemanagement.googleapis.com/v1/services/runtimeconfig.googleapis.com/projectSettings/mm-users?view=CONSUMER_VIEW  
  
 Mon Mar 19 2018 22:09:28 GMT-0700 (PDT)
[debug] [2018-03-20T05:09:29.585Z] <<< HTTP RESPONSE 200
[debug] [2018-03-20T05:09:29.589Z] <<< HTTP RESPONSE 200
[info] ✔  functions: all necessary APIs are enabled
[debug] [2018-03-20T05:09:29.591Z] >>> HTTP REQUEST GET https://cloudresourcemanager.googleapis.com/v1/projects/mm-users  
  
 Mon Mar 19 2018 22:09:29 GMT-0700 (PDT)
[debug] [2018-03-20T05:09:29.777Z] <<< HTTP RESPONSE 200
[debug] [2018-03-20T05:09:29.778Z] >>> HTTP REQUEST GET https://mobilesdk-pa.googleapis.com/v1/projects/182104933081:getServerAppConfig  
  
 Mon Mar 19 2018 22:09:29 GMT-0700 (PDT)
